[2026-03-29T08:49:03.458Z] [log] 吴丝蜀桐张高秋
[2026-03-29T08:49:04.463Z] [log] 空山凝云颓不流
[2026-03-29T08:49:05.474Z] [log] 江娥啼竹素女愁
[2026-03-29T08:49:06.477Z] [log] 李凭中国弹箜篌
[2026-03-29T08:49:07.487Z] [log] - 昆山玉碎凤凰叫
[2026-03-29T08:49:08.499Z] [log] - 芙蓉泣露香兰笑
[2026-03-29T08:49:09.502Z] [log] - 十二门前融冷光
[2026-03-29T08:49:10.508Z] [log] - 二十三丝动紫皇
[2026-03-29T08:49:11.518Z] [log] 女娲炼石补天处
[2026-03-29T08:49:12.523Z] [log] 石破天惊逗秋雨
[2026-03-29T08:49:13.536Z] [log] - 梦入深山教神妪
[2026-03-29T08:49:14.537Z] [log] - 老鱼跳波瘦蛟舞
[2026-03-29T08:49:15.542Z] [log] 吴质不眠倚桂树
[2026-03-29T08:49:16.549Z] [log] 露脚斜飞湿寒兔
[2026-03-29T08:49:17.559Z] [log] 这首诗的作者是谁？
[2026-03-29T08:49:17.564Z] [log] ? 李白/李逵/李贺/李鬼：
[2026-03-29T08:49:17.567Z] [log] 答案：李贺
[2026-03-29T08:49:26.408Z] [log] > 李商隐
[2026-03-29T08:49:26.412Z] [log] ? 李白/李逵/李贺/李鬼：
[2026-03-29T08:49:30.853Z] [log] > 李老板
[2026-03-29T08:49:30.860Z] [log] ? 李白/李逵/李贺/李鬼：
[2026-03-29T08:49:35.443Z] [log] > 李贺
[2026-03-29T08:49:35.444Z] [log] 回答正确！
[2026-03-29T08:49:35.444Z] [log] 箜篌是什么种类的乐器？
[2026-03-29T08:49:35.444Z] [log] ? 弦乐器/管乐器/打击乐器/电子乐器：
[2026-03-29T08:49:35.445Z] [log] 答案：弦乐器
[2026-03-29T08:49:39.921Z] [log] > 打击乐器
[2026-03-29T08:49:39.922Z] [log] ? 请输入考号：
[2026-03-29T08:49:39.922Z] [log] 回答错误！
[2026-03-29T08:49:46.098Z] [log] > 10086
[2026-03-29T08:49:46.099Z] [log] 考号 10086 已记录！
